#-----------------------------------------------------------
# Vivado v2023.2 (64-bit)
# SW Build 4029153 on Fri Oct 13 20:13:54 MDT 2023
# IP Build 4028589 on Sat Oct 14 00:45:43 MDT 2023
# SharedData Build 4025554 on Tue Oct 10 17:18:54 MDT 2023
# Start of session at: Mon Aug  4 13:04:14 2025
# Process ID: 32888
# Current directory: /tmp/tmp.jEJPu9DKrl
# Command line: vivado -mode batch -source synth.tcl
# Log file: /tmp/tmp.jEJPu9DKrl/vivado.log
# Journal file: /tmp/tmp.jEJPu9DKrl/vivado.jou
# Running On: havarti.cs.cornell.edu, OS: Linux, CPU Frequency: 2100.000 MHz, CPU Physical cores: 24, Host memory: 540631 MB
#-----------------------------------------------------------
source synth.tcl
# set outdir ./out
# set partname "xczu3eg-sbva484-1-e"
# create_project -force -part $partname FutilBuild $outdir
create_project: Time (s): cpu = 00:00:06 ; elapsed = 00:00:06 . Memory (MB): peak = 1352.402 ; gain = 0.023 ; free physical = 110035 ; free virtual = 482366
# add_files [glob ./*.sv]
no files matched glob pattern "./device.xdc"
    while executing
"glob ./device.xdc"
    invoked from within
"add_files -fileset constrs_1 [glob ./device.xdc]"
    (file "synth.tcl" line 30)
INFO: [Common 17-206] Exiting Vivado at Mon Aug  4 13:04:24 2025...
