Copyright 1986-2022 Xilinx, Inc. All Rights Reserved. Copyright 2022-2023 Advanced Micro Devices, Inc. All Rights Reserved.
--------------------------------------------------------------------------------------------------------------------------------------------------
| Tool Version : Vivado v.2023.2 (lin64) Build 4029153 Fri Oct 13 20:13:54 MDT 2023
| Date         : Mon Aug  4 13:23:02 2025
| Host         : havarti.cs.cornell.edu running 64-bit Ubuntu 22.04.5 LTS
| Command      : report_methodology -file main_methodology_drc_routed.rpt -pb main_methodology_drc_routed.pb -rpx main_methodology_drc_routed.rpx
| Design       : main
| Device       : xczu3eg-sbva484-1-e
| Speed File   : -1
| Design State : Partially Routed
--------------------------------------------------------------------------------------------------------------------------------------------------

Report Methodology

Table of Contents
-----------------
1. REPORT SUMMARY
2. REPORT DETAILS

1. REPORT SUMMARY
-----------------
            Netlist: netlist
          Floorplan: design_1
      Design limits: <entire design considered>
             Max violations: <unlimited>
             Violations found: 250
+-----------+----------+------------------------------------------+------------+
| Rule      | Severity | Description                              | Violations |
+-----------+----------+------------------------------------------+------------+
| TIMING-15 | Warning  | Large hold violation                     | 144        |
| XDCH-2    | Warning  | Same min and max delay values on IO port | 106        |
+-----------+----------+------------------------------------------+------------+

2. REPORT DETAILS
-----------------
TIMING-15#1 Warning
Large hold violation  
There is a large clock skew of 3.008 ns between operand_b[12] (clocked by clk) and operand_b_reg_reg[12]/D (clocked by clk) that results in large hold timing violation(s) of -3.043 ns. Fixing large hold violations during routing might impact setup slack and result in more difficult timing closure
Related violations: <none>

TIMING-15#2 Warning
Large hold violation  
There is a large clock skew of 3.012 ns between operand_b[29] (clocked by clk) and operand_b_reg_reg[29]/D (clocked by clk) that results in large hold timing violation(s) of -3.047 ns. Fixing large hold violations during routing might impact setup slack and result in more difficult timing closure
Related violations: <none>

TIMING-15#3 Warning
Large hold violation  
There is a large clock skew of 3.016 ns between operand_b[22] (clocked by clk) and operand_b_reg_reg[22]/D (clocked by clk) that results in large hold timing violation(s) of -3.051 ns. Fixing large hold violations during routing might impact setup slack and result in more difficult timing closure
Related violations: <none>

TIMING-15#4 Warning
Large hold violation  
There is a large clock skew of 3.021 ns between operand_a[19] (clocked by clk) and operand_a_reg_reg[19]/D (clocked by clk) that results in large hold timing violation(s) of -3.056 ns. Fixing large hold violations during routing might impact setup slack and result in more difficult timing closure
Related violations: <none>

TIMING-15#5 Warning
Large hold violation  
There is a large clock skew of 3.021 ns between operand_b[14] (clocked by clk) and operand_b_reg_reg[14]/D (clocked by clk) that results in large hold timing violation(s) of -3.059 ns. Fixing large hold violations during routing might impact setup slack and result in more difficult timing closure
Related violations: <none>

TIMING-15#6 Warning
Large hold violation  
There is a large clock skew of 3.023 ns between operand_a[17] (clocked by clk) and operand_a_reg_reg[17]/D (clocked by clk) that results in large hold timing violation(s) of -3.060 ns. Fixing large hold violations during routing might impact setup slack and result in more difficult timing closure
Related violations: <none>

TIMING-15#7 Warning
Large hold violation  
There is a large clock skew of 3.023 ns between operand_a[21] (clocked by clk) and operand_a_reg_reg[21]/D (clocked by clk) that results in large hold timing violation(s) of -3.058 ns. Fixing large hold violations during routing might impact setup slack and result in more difficult timing closure
Related violations: <none>

TIMING-15#8 Warning
Large hold violation  
There is a large clock skew of 3.023 ns between operand_a[6] (clocked by clk) and operand_a_reg_reg[6]/D (clocked by clk) that results in large hold timing violation(s) of -3.060 ns. Fixing large hold violations during routing might impact setup slack and result in more difficult timing closure
Related violations: <none>

TIMING-15#9 Warning
Large hold violation  
There is a large clock skew of 3.023 ns between operand_a[7] (clocked by clk) and operand_a_reg_reg[7]/D (clocked by clk) that results in large hold timing violation(s) of -3.061 ns. Fixing large hold violations during routing might impact setup slack and result in more difficult timing closure
Related violations: <none>

TIMING-15#10 Warning
Large hold violation  
There is a large clock skew of 3.025 ns between operand_a[0] (clocked by clk) and operand_a_reg_reg[0]/D (clocked by clk) that results in large hold timing violation(s) of -3.062 ns. Fixing large hold violations during routing might impact setup slack and result in more difficult timing closure
Related violations: <none>

TIMING-15#11 Warning
Large hold violation  
There is a large clock skew of 3.025 ns between operand_a[12] (clocked by clk) and operand_a_reg_reg[12]/D (clocked by clk) that results in large hold timing violation(s) of -3.062 ns. Fixing large hold violations during routing might impact setup slack and result in more difficult timing closure
Related violations: <none>

TIMING-15#12 Warning
Large hold violation  
There is a large clock skew of 3.025 ns between operand_a[14] (clocked by clk) and operand_a_reg_reg[14]/D (clocked by clk) that results in large hold timing violation(s) of -3.065 ns. Fixing large hold violations during routing might impact setup slack and result in more difficult timing closure
Related violations: <none>

TIMING-15#13 Warning
Large hold violation  
There is a large clock skew of 3.025 ns between operand_a[1] (clocked by clk) and operand_a_reg_reg[1]/D (clocked by clk) that results in large hold timing violation(s) of -3.062 ns. Fixing large hold violations during routing might impact setup slack and result in more difficult timing closure
Related violations: <none>

TIMING-15#14 Warning
Large hold violation  
There is a large clock skew of 3.025 ns between operand_b[13] (clocked by clk) and operand_b_reg_reg[13]/D (clocked by clk) that results in large hold timing violation(s) of -3.066 ns. Fixing large hold violations during routing might impact setup slack and result in more difficult timing closure
Related violations: <none>

TIMING-15#15 Warning
Large hold violation  
There is a large clock skew of 3.025 ns between operand_b[2] (clocked by clk) and operand_b_reg_reg[2]/D (clocked by clk) that results in large hold timing violation(s) of -3.065 ns. Fixing large hold violations during routing might impact setup slack and result in more difficult timing closure
Related violations: <none>

TIMING-15#16 Warning
Large hold violation  
There is a large clock skew of 3.025 ns between operand_b[9] (clocked by clk) and operand_b_reg_reg[9]/D (clocked by clk) that results in large hold timing violation(s) of -3.062 ns. Fixing large hold violations during routing might impact setup slack and result in more difficult timing closure
Related violations: <none>

TIMING-15#17 Warning
Large hold violation  
There is a large clock skew of 3.026 ns between operand_b[24] (clocked by clk) and operand_b_reg_reg[24]/D (clocked by clk) that results in large hold timing violation(s) of -3.063 ns. Fixing large hold violations during routing might impact setup slack and result in more difficult timing closure
Related violations: <none>

TIMING-15#18 Warning
Large hold violation  
There is a large clock skew of 3.026 ns between operand_b[26] (clocked by clk) and operand_b_reg_reg[26]/D (clocked by clk) that results in large hold timing violation(s) of -3.063 ns. Fixing large hold violations during routing might impact setup slack and result in more difficult timing closure
Related violations: <none>

TIMING-15#19 Warning
Large hold violation  
There is a large clock skew of 3.027 ns between operand_a[31] (clocked by clk) and operand_a_reg_reg[31]/D (clocked by clk) that results in large hold timing violation(s) of -3.062 ns. Fixing large hold violations during routing might impact setup slack and result in more difficult timing closure
Related violations: <none>

TIMING-15#20 Warning
Large hold violation  
There is a large clock skew of 3.030 ns between operand_a[10] (clocked by clk) and operand_a_reg_reg[10]/D (clocked by clk) that results in large hold timing violation(s) of -3.067 ns. Fixing large hold violations during routing might impact setup slack and result in more difficult timing closure
Related violations: <none>

TIMING-15#21 Warning
Large hold violation  
There is a large clock skew of 3.030 ns between operand_b[1] (clocked by clk) and operand_b_reg_reg[1]/D (clocked by clk) that results in large hold timing violation(s) of -3.067 ns. Fixing large hold violations during routing might impact setup slack and result in more difficult timing closure
Related violations: <none>

TIMING-15#22 Warning
Large hold violation  
There is a large clock skew of 3.030 ns between operand_b[20] (clocked by clk) and operand_b_reg_reg[20]/D (clocked by clk) that results in large hold timing violation(s) of -3.070 ns. Fixing large hold violations during routing might impact setup slack and result in more difficult timing closure
Related violations: <none>

TIMING-15#23 Warning
Large hold violation  
There is a large clock skew of 3.033 ns between operand_b[11] (clocked by clk) and operand_b_reg_reg[11]/D (clocked by clk) that results in large hold timing violation(s) of -3.070 ns. Fixing large hold violations during routing might impact setup slack and result in more difficult timing closure
Related violations: <none>

TIMING-15#24 Warning
Large hold violation  
There is a large clock skew of 3.034 ns between operand_a[22] (clocked by clk) and operand_a_reg_reg[22]/D (clocked by clk) that results in large hold timing violation(s) of -3.071 ns. Fixing large hold violations during routing might impact setup slack and result in more difficult timing closure
Related violations: <none>

TIMING-15#25 Warning
Large hold violation  
There is a large clock skew of 3.034 ns between operand_a[24] (clocked by clk) and operand_a_reg_reg[24]/D (clocked by clk) that results in large hold timing violation(s) of -3.074 ns. Fixing large hold violations during routing might impact setup slack and result in more difficult timing closure
Related violations: <none>

TIMING-15#26 Warning
Large hold violation  
There is a large clock skew of 3.034 ns between operand_a[25] (clocked by clk) and operand_a_reg_reg[25]/D (clocked by clk) that results in large hold timing violation(s) of -3.070 ns. Fixing large hold violations during routing might impact setup slack and result in more difficult timing closure
Related violations: <none>

TIMING-15#27 Warning
Large hold violation  
There is a large clock skew of 3.034 ns between operand_a[28] (clocked by clk) and operand_a_reg_reg[28]/D (clocked by clk) that results in large hold timing violation(s) of -3.075 ns. Fixing large hold violations during routing might impact setup slack and result in more difficult timing closure
Related violations: <none>

TIMING-15#28 Warning
Large hold violation  
There is a large clock skew of 3.034 ns between operand_b[18] (clocked by clk) and operand_b_reg_reg[18]/D (clocked by clk) that results in large hold timing violation(s) of -3.071 ns. Fixing large hold violations during routing might impact setup slack and result in more difficult timing closure
Related violations: <none>

TIMING-15#29 Warning
Large hold violation  
There is a large clock skew of 3.036 ns between operand_a[26] (clocked by clk) and operand_a_reg_reg[26]/D (clocked by clk) that results in large hold timing violation(s) of -3.073 ns. Fixing large hold violations during routing might impact setup slack and result in more difficult timing closure
Related violations: <none>

TIMING-15#30 Warning
Large hold violation  
There is a large clock skew of 3.036 ns between operand_a[27] (clocked by clk) and operand_a_reg_reg[27]/D (clocked by clk) that results in large hold timing violation(s) of -3.073 ns. Fixing large hold violations during routing might impact setup slack and result in more difficult timing closure
Related violations: <none>

TIMING-15#31 Warning
Large hold violation  
There is a large clock skew of 3.036 ns between operand_a[30] (clocked by clk) and operand_a_reg_reg[30]/D (clocked by clk) that results in large hold timing violation(s) of -3.076 ns. Fixing large hold violations during routing might impact setup slack and result in more difficult timing closure
Related violations: <none>

TIMING-15#32 Warning
Large hold violation  
There is a large clock skew of 3.036 ns between operand_b[25] (clocked by clk) and operand_b_reg_reg[25]/D (clocked by clk) that results in large hold timing violation(s) of -3.072 ns. Fixing large hold violations during routing might impact setup slack and result in more difficult timing closure
Related violations: <none>

TIMING-15#33 Warning
Large hold violation  
There is a large clock skew of 3.036 ns between operand_b[28] (clocked by clk) and operand_b_reg_reg[28]/D (clocked by clk) that results in large hold timing violation(s) of -3.077 ns. Fixing large hold violations during routing might impact setup slack and result in more difficult timing closure
Related violations: <none>

TIMING-15#34 Warning
Large hold violation  
There is a large clock skew of 3.036 ns between operand_b[30] (clocked by clk) and operand_b_reg_reg[30]/D (clocked by clk) that results in large hold timing violation(s) of -3.073 ns. Fixing large hold violations during routing might impact setup slack and result in more difficult timing closure
Related violations: <none>

TIMING-15#35 Warning
Large hold violation  
There is a large clock skew of 3.036 ns between operand_b[31] (clocked by clk) and operand_b_reg_reg[31]/D (clocked by clk) that results in large hold timing violation(s) of -3.076 ns. Fixing large hold violations during routing might impact setup slack and result in more difficult timing closure
Related violations: <none>

TIMING-15#36 Warning
Large hold violation  
There is a large clock skew of 3.041 ns between operand_a[3] (clocked by clk) and operand_a_reg_reg[3]/D (clocked by clk) that results in large hold timing violation(s) of -3.076 ns. Fixing large hold violations during routing might impact setup slack and result in more difficult timing closure
Related violations: <none>

TIMING-15#37 Warning
Large hold violation  
There is a large clock skew of 3.041 ns between operand_a[8] (clocked by clk) and operand_a_reg_reg[8]/D (clocked by clk) that results in large hold timing violation(s) of -3.079 ns. Fixing large hold violations during routing might impact setup slack and result in more difficult timing closure
Related violations: <none>

TIMING-15#38 Warning
Large hold violation  
There is a large clock skew of 3.041 ns between operand_b[10] (clocked by clk) and operand_b_reg_reg[10]/D (clocked by clk) that results in large hold timing violation(s) of -3.075 ns. Fixing large hold violations during routing might impact setup slack and result in more difficult timing closure
Related violations: <none>

TIMING-15#39 Warning
Large hold violation  
There is a large clock skew of 3.042 ns between operand_a[23] (clocked by clk) and operand_a_reg_reg[23]/D (clocked by clk) that results in large hold timing violation(s) of -3.079 ns. Fixing large hold violations during routing might impact setup slack and result in more difficult timing closure
Related violations: <none>

TIMING-15#40 Warning
Large hold violation  
There is a large clock skew of 3.042 ns between operand_b[23] (clocked by clk) and operand_b_reg_reg[23]/D (clocked by clk) that results in large hold timing violation(s) of -3.079 ns. Fixing large hold violations during routing might impact setup slack and result in more difficult timing closure
Related violations: <none>

TIMING-15#41 Warning
Large hold violation  
There is a large clock skew of 3.042 ns between operand_b[27] (clocked by clk) and operand_b_reg_reg[27]/D (clocked by clk) that results in large hold timing violation(s) of -3.082 ns. Fixing large hold violations during routing might impact setup slack and result in more difficult timing closure
Related violations: <none>

TIMING-15#42 Warning
Large hold violation  
There is a large clock skew of 3.043 ns between operand_a[5] (clocked by clk) and operand_a_reg_reg[5]/D (clocked by clk) that results in large hold timing violation(s) of -3.078 ns. Fixing large hold violations during routing might impact setup slack and result in more difficult timing closure
Related violations: <none>

TIMING-15#43 Warning
Large hold violation  
There is a large clock skew of 3.046 ns between operand_a[29] (clocked by clk) and operand_a_reg_reg[29]/D (clocked by clk) that results in large hold timing violation(s) of -3.081 ns. Fixing large hold violations during routing might impact setup slack and result in more difficult timing closure
Related violations: <none>

TIMING-15#44 Warning
Large hold violation  
There is a large clock skew of 3.077 ns between operand_a[20] (clocked by clk) and operand_a_reg_reg[20]/D (clocked by clk) that results in large hold timing violation(s) of -3.112 ns. Fixing large hold violations during routing might impact setup slack and result in more difficult timing closure
Related violations: <none>

TIMING-15#45 Warning
Large hold violation  
There is a large clock skew of 3.077 ns between operand_a[4] (clocked by clk) and operand_a_reg_reg[4]/D (clocked by clk) that results in large hold timing violation(s) of -3.112 ns. Fixing large hold violations during routing might impact setup slack and result in more difficult timing closure
Related violations: <none>

TIMING-15#46 Warning
Large hold violation  
There is a large clock skew of 3.077 ns between operand_a[9] (clocked by clk) and operand_a_reg_reg[9]/D (clocked by clk) that results in large hold timing violation(s) of -3.115 ns. Fixing large hold violations during routing might impact setup slack and result in more difficult timing closure
Related violations: <none>

TIMING-15#47 Warning
Large hold violation  
There is a large clock skew of 3.077 ns between operand_b[15] (clocked by clk) and operand_b_reg_reg[15]/D (clocked by clk) that results in large hold timing violation(s) of -3.111 ns. Fixing large hold violations during routing might impact setup slack and result in more difficult timing closure
Related violations: <none>

TIMING-15#48 Warning
Large hold violation  
There is a large clock skew of 3.090 ns between operand_b[21] (clocked by clk) and operand_b_reg_reg[21]/D (clocked by clk) that results in large hold timing violation(s) of -3.125 ns. Fixing large hold violations during routing might impact setup slack and result in more difficult timing closure
Related violations: <none>

TIMING-15#49 Warning
Large hold violation  
There is a large clock skew of 3.097 ns between operand_b[0] (clocked by clk) and operand_b_reg_reg[0]/D (clocked by clk) that results in large hold timing violation(s) of -3.134 ns. Fixing large hold violations during routing might impact setup slack and result in more difficult timing closure
Related violations: <none>

TIMING-15#50 Warning
Large hold violation  
There is a large clock skew of 3.097 ns between operand_b[17] (clocked by clk) and operand_b_reg_reg[17]/D (clocked by clk) that results in large hold timing violation(s) of -3.134 ns. Fixing large hold violations during routing might impact setup slack and result in more difficult timing closure
Related violations: <none>

TIMING-15#51 Warning
Large hold violation  
There is a large clock skew of 3.097 ns between operand_b[19] (clocked by clk) and operand_b_reg_reg[19]/D (clocked by clk) that results in large hold timing violation(s) of -3.137 ns. Fixing large hold violations during routing might impact setup slack and result in more difficult timing closure
Related violations: <none>

TIMING-15#52 Warning
Large hold violation  
There is a large clock skew of 3.097 ns between operand_b[3] (clocked by clk) and operand_b_reg_reg[3]/D (clocked by clk) that results in large hold timing violation(s) of -3.137 ns. Fixing large hold violations during routing might impact setup slack and result in more difficult timing closure
Related violations: <none>

TIMING-15#53 Warning
Large hold violation  
There is a large clock skew of 3.099 ns between operand_a[13] (clocked by clk) and operand_a_reg_reg[13]/D (clocked by clk) that results in large hold timing violation(s) of -3.136 ns. Fixing large hold violations during routing might impact setup slack and result in more difficult timing closure
Related violations: <none>

TIMING-15#54 Warning
Large hold violation  
There is a large clock skew of 3.101 ns between operand_a[18] (clocked by clk) and operand_a_reg_reg[18]/D (clocked by clk) that results in large hold timing violation(s) of -3.138 ns. Fixing large hold violations during routing might impact setup slack and result in more difficult timing closure
Related violations: <none>

TIMING-15#55 Warning
Large hold violation  
There is a large clock skew of 3.101 ns between operand_a[2] (clocked by clk) and operand_a_reg_reg[2]/D (clocked by clk) that results in large hold timing violation(s) of -3.141 ns. Fixing large hold violations during routing might impact setup slack and result in more difficult timing closure
Related violations: <none>

TIMING-15#56 Warning
Large hold violation  
There is a large clock skew of 3.104 ns between operand_b[16] (clocked by clk) and operand_b_reg_reg[16]/D (clocked by clk) that results in large hold timing violation(s) of -3.139 ns. Fixing large hold violations during routing might impact setup slack and result in more difficult timing closure
Related violations: <none>

TIMING-15#57 Warning
Large hold violation  
There is a large clock skew of 3.106 ns between operand_a[11] (clocked by clk) and operand_a_reg_reg[11]/D (clocked by clk) that results in large hold timing violation(s) of -3.141 ns. Fixing large hold violations during routing might impact setup slack and result in more difficult timing closure
Related violations: <none>

TIMING-15#58 Warning
Large hold violation  
There is a large clock skew of 3.106 ns between operand_a[15] (clocked by clk) and operand_a_reg_reg[15]/D (clocked by clk) that results in large hold timing violation(s) of -3.144 ns. Fixing large hold violations during routing might impact setup slack and result in more difficult timing closure
Related violations: <none>

TIMING-15#59 Warning
Large hold violation  
There is a large clock skew of 3.106 ns between operand_b[5] (clocked by clk) and operand_b_reg_reg[5]/D (clocked by clk) that results in large hold timing violation(s) of -3.140 ns. Fixing large hold violations during routing might impact setup slack and result in more difficult timing closure
Related violations: <none>

TIMING-15#60 Warning
Large hold violation  
There is a large clock skew of 3.106 ns between operand_b[7] (clocked by clk) and operand_b_reg_reg[7]/D (clocked by clk) that results in large hold timing violation(s) of -3.144 ns. Fixing large hold violations during routing might impact setup slack and result in more difficult timing closure
Related violations: <none>

TIMING-15#61 Warning
Large hold violation  
There is a large clock skew of 3.106 ns between operand_b[8] (clocked by clk) and operand_b_reg_reg[8]/D (clocked by clk) that results in large hold timing violation(s) of -3.139 ns. Fixing large hold violations during routing might impact setup slack and result in more difficult timing closure
Related violations: <none>

TIMING-15#62 Warning
Large hold violation  
There is a large clock skew of 3.108 ns between operand_a[16] (clocked by clk) and operand_a_reg_reg[16]/D (clocked by clk) that results in large hold timing violation(s) of -3.143 ns. Fixing large hold violations during routing might impact setup slack and result in more difficult timing closure
Related violations: <none>

TIMING-15#63 Warning
Large hold violation  
There is a large clock skew of 3.108 ns between operand_b[4] (clocked by clk) and operand_b_reg_reg[4]/D (clocked by clk) that results in large hold timing violation(s) of -3.143 ns. Fixing large hold violations during routing might impact setup slack and result in more difficult timing closure
Related violations: <none>

TIMING-15#64 Warning
Large hold violation  
There is a large clock skew of 3.108 ns between operand_b[6] (clocked by clk) and operand_b_reg_reg[6]/D (clocked by clk) that results in large hold timing violation(s) of -3.146 ns. Fixing large hold violations during routing might impact setup slack and result in more difficult timing closure
Related violations: <none>

TIMING-15#65 Warning
Large hold violation  
There is a large clock skew of 3.236 ns between operation[0] (clocked by clk) and operation_reg_reg[0]/D (clocked by clk) that results in large hold timing violation(s) of -3.272 ns. Fixing large hold violations during routing might impact setup slack and result in more difficult timing closure
Related violations: <none>

TIMING-15#66 Warning
Large hold violation  
There is a large clock skew of 3.236 ns between operation[1] (clocked by clk) and operation_reg_reg[1]/D (clocked by clk) that results in large hold timing violation(s) of -3.277 ns. Fixing large hold violations during routing might impact setup slack and result in more difficult timing closure
Related violations: <none>

TIMING-15#67 Warning
Large hold violation  
There is a large clock skew of 3.236 ns between valid_in (clocked by clk) and valid_in_reg_reg/D (clocked by clk) that results in large hold timing violation(s) of -3.273 ns. Fixing large hold violations during routing might impact setup slack and result in more difficult timing closure
Related violations: <none>

TIMING-15#68 Warning
Large hold violation  
There is a large clock skew of 3.242 ns between ready_in (clocked by clk) and ready_in_reg_reg/D (clocked by clk) that results in large hold timing violation(s) of -3.282 ns. Fixing large hold violations during routing might impact setup slack and result in more difficult timing closure
Related violations: <none>

TIMING-15#69 Warning
Large hold violation  
There is a large clock skew of 3.308 ns between reset (clocked by clk) and operand_b_reg_reg[12]/R (clocked by clk) that results in large hold timing violation(s) of -3.271 ns. Fixing large hold violations during routing might impact setup slack and result in more difficult timing closure
Related violations: <none>

TIMING-15#70 Warning
Large hold violation  
There is a large clock skew of 3.311 ns between reset (clocked by clk) and reset_reg_reg_replica_2/D (clocked by clk) that results in large hold timing violation(s) of -3.346 ns. Fixing large hold violations during routing might impact setup slack and result in more difficult timing closure
Related violations: <none>

TIMING-15#71 Warning
Large hold violation  
There is a large clock skew of 3.311 ns between reset (clocked by clk) and reset_reg_reg_replica_4/D (clocked by clk) that results in large hold timing violation(s) of -3.349 ns. Fixing large hold violations during routing might impact setup slack and result in more difficult timing closure
Related violations: <none>

TIMING-15#72 Warning
Large hold violation  
There is a large clock skew of 3.312 ns between reset (clocked by clk) and operand_b_reg_reg[29]/R (clocked by clk) that results in large hold timing violation(s) of -3.275 ns. Fixing large hold violations during routing might impact setup slack and result in more difficult timing closure
Related violations: <none>

TIMING-15#73 Warning
Large hold violation  
There is a large clock skew of 3.312 ns between reset (clocked by clk) and reset_reg_reg_replica_5/D (clocked by clk) that results in large hold timing violation(s) of -3.347 ns. Fixing large hold violations during routing might impact setup slack and result in more difficult timing closure
Related violations: <none>

TIMING-15#74 Warning
Large hold violation  
There is a large clock skew of 3.316 ns between reset (clocked by clk) and operand_b_reg_reg[22]/R (clocked by clk) that results in large hold timing violation(s) of -3.279 ns. Fixing large hold violations during routing might impact setup slack and result in more difficult timing closure
Related violations: <none>

TIMING-15#75 Warning
Large hold violation  
There is a large clock skew of 3.320 ns between reset (clocked by clk) and reset_reg_reg_replica_1/D (clocked by clk) that results in large hold timing violation(s) of -3.355 ns. Fixing large hold violations during routing might impact setup slack and result in more difficult timing closure
Related violations: <none>

TIMING-15#76 Warning
Large hold violation  
There is a large clock skew of 3.321 ns between reset (clocked by clk) and operand_a_reg_reg[19]/R (clocked by clk) that results in large hold timing violation(s) of -3.284 ns. Fixing large hold violations during routing might impact setup slack and result in more difficult timing closure
Related violations: <none>

TIMING-15#77 Warning
Large hold violation  
There is a large clock skew of 3.321 ns between reset (clocked by clk) and operand_b_reg_reg[14]/R (clocked by clk) that results in large hold timing violation(s) of -3.284 ns. Fixing large hold violations during routing might impact setup slack and result in more difficult timing closure
Related violations: <none>

TIMING-15#78 Warning
Large hold violation  
There is a large clock skew of 3.323 ns between reset (clocked by clk) and operand_a_reg_reg[17]/R (clocked by clk) that results in large hold timing violation(s) of -3.288 ns. Fixing large hold violations during routing might impact setup slack and result in more difficult timing closure
Related violations: <none>

TIMING-15#79 Warning
Large hold violation  
There is a large clock skew of 3.323 ns between reset (clocked by clk) and operand_a_reg_reg[21]/R (clocked by clk) that results in large hold timing violation(s) of -3.286 ns. Fixing large hold violations during routing might impact setup slack and result in more difficult timing closure
Related violations: <none>

TIMING-15#80 Warning
Large hold violation  
There is a large clock skew of 3.323 ns between reset (clocked by clk) and operand_a_reg_reg[6]/R (clocked by clk) that results in large hold timing violation(s) of -3.288 ns. Fixing large hold violations during routing might impact setup slack and result in more difficult timing closure
Related violations: <none>

TIMING-15#81 Warning
Large hold violation  
There is a large clock skew of 3.323 ns between reset (clocked by clk) and operand_a_reg_reg[7]/R (clocked by clk) that results in large hold timing violation(s) of -3.286 ns. Fixing large hold violations during routing might impact setup slack and result in more difficult timing closure
Related violations: <none>

TIMING-15#82 Warning
Large hold violation  
There is a large clock skew of 3.325 ns between reset (clocked by clk) and operand_a_reg_reg[0]/R (clocked by clk) that results in large hold timing violation(s) of -3.290 ns. Fixing large hold violations during routing might impact setup slack and result in more difficult timing closure
Related violations: <none>

TIMING-15#83 Warning
Large hold violation  
There is a large clock skew of 3.325 ns between reset (clocked by clk) and operand_a_reg_reg[12]/R (clocked by clk) that results in large hold timing violation(s) of -3.290 ns. Fixing large hold violations during routing might impact setup slack and result in more difficult timing closure
Related violations: <none>

TIMING-15#84 Warning
Large hold violation  
There is a large clock skew of 3.325 ns between reset (clocked by clk) and operand_a_reg_reg[14]/R (clocked by clk) that results in large hold timing violation(s) of -3.290 ns. Fixing large hold violations during routing might impact setup slack and result in more difficult timing closure
Related violations: <none>

TIMING-15#85 Warning
Large hold violation  
There is a large clock skew of 3.325 ns between reset (clocked by clk) and operand_a_reg_reg[1]/R (clocked by clk) that results in large hold timing violation(s) of -3.290 ns. Fixing large hold violations during routing might impact setup slack and result in more difficult timing closure
Related violations: <none>

TIMING-15#86 Warning
Large hold violation  
There is a large clock skew of 3.325 ns between reset (clocked by clk) and operand_b_reg_reg[13]/R (clocked by clk) that results in large hold timing violation(s) of -3.290 ns. Fixing large hold violations during routing might impact setup slack and result in more difficult timing closure
Related violations: <none>

TIMING-15#87 Warning
Large hold violation  
There is a large clock skew of 3.325 ns between reset (clocked by clk) and operand_b_reg_reg[2]/R (clocked by clk) that results in large hold timing violation(s) of -3.290 ns. Fixing large hold violations during routing might impact setup slack and result in more difficult timing closure
Related violations: <none>

TIMING-15#88 Warning
Large hold violation  
There is a large clock skew of 3.325 ns between reset (clocked by clk) and operand_b_reg_reg[9]/R (clocked by clk) that results in large hold timing violation(s) of -3.290 ns. Fixing large hold violations during routing might impact setup slack and result in more difficult timing closure
Related violations: <none>

TIMING-15#89 Warning
Large hold violation  
There is a large clock skew of 3.326 ns between reset (clocked by clk) and operand_b_reg_reg[24]/R (clocked by clk) that results in large hold timing violation(s) of -3.291 ns. Fixing large hold violations during routing might impact setup slack and result in more difficult timing closure
Related violations: <none>

TIMING-15#90 Warning
Large hold violation  
There is a large clock skew of 3.326 ns between reset (clocked by clk) and operand_b_reg_reg[26]/R (clocked by clk) that results in large hold timing violation(s) of -3.292 ns. Fixing large hold violations during routing might impact setup slack and result in more difficult timing closure
Related violations: <none>

TIMING-15#91 Warning
Large hold violation  
There is a large clock skew of 3.327 ns between reset (clocked by clk) and operand_a_reg_reg[31]/R (clocked by clk) that results in large hold timing violation(s) of -3.290 ns. Fixing large hold violations during routing might impact setup slack and result in more difficult timing closure
Related violations: <none>

TIMING-15#92 Warning
Large hold violation  
There is a large clock skew of 3.329 ns between reset (clocked by clk) and reset_reg_reg/D (clocked by clk) that results in large hold timing violation(s) of -3.366 ns. Fixing large hold violations during routing might impact setup slack and result in more difficult timing closure
Related violations: <none>

TIMING-15#93 Warning
Large hold violation  
There is a large clock skew of 3.330 ns between reset (clocked by clk) and operand_a_reg_reg[10]/R (clocked by clk) that results in large hold timing violation(s) of -3.296 ns. Fixing large hold violations during routing might impact setup slack and result in more difficult timing closure
Related violations: <none>

TIMING-15#94 Warning
Large hold violation  
There is a large clock skew of 3.330 ns between reset (clocked by clk) and operand_b_reg_reg[1]/R (clocked by clk) that results in large hold timing violation(s) of -3.295 ns. Fixing large hold violations during routing might impact setup slack and result in more difficult timing closure
Related violations: <none>

TIMING-15#95 Warning
Large hold violation  
There is a large clock skew of 3.330 ns between reset (clocked by clk) and operand_b_reg_reg[20]/R (clocked by clk) that results in large hold timing violation(s) of -3.295 ns. Fixing large hold violations during routing might impact setup slack and result in more difficult timing closure
Related violations: <none>

TIMING-15#96 Warning
Large hold violation  
There is a large clock skew of 3.330 ns between reset (clocked by clk) and reset_reg_reg_replica_6/D (clocked by clk) that results in large hold timing violation(s) of -3.367 ns. Fixing large hold violations during routing might impact setup slack and result in more difficult timing closure
Related violations: <none>

TIMING-15#97 Warning
Large hold violation  
There is a large clock skew of 3.333 ns between reset (clocked by clk) and operand_b_reg_reg[11]/R (clocked by clk) that results in large hold timing violation(s) of -3.298 ns. Fixing large hold violations during routing might impact setup slack and result in more difficult timing closure
Related violations: <none>

TIMING-15#98 Warning
Large hold violation  
There is a large clock skew of 3.334 ns between reset (clocked by clk) and operand_a_reg_reg[22]/R (clocked by clk) that results in large hold timing violation(s) of -3.300 ns. Fixing large hold violations during routing might impact setup slack and result in more difficult timing closure
Related violations: <none>

TIMING-15#99 Warning
Large hold violation  
There is a large clock skew of 3.334 ns between reset (clocked by clk) and operand_a_reg_reg[24]/R (clocked by clk) that results in large hold timing violation(s) of -3.300 ns. Fixing large hold violations during routing might impact setup slack and result in more difficult timing closure
Related violations: <none>

TIMING-15#100 Warning
Large hold violation  
There is a large clock skew of 3.334 ns between reset (clocked by clk) and operand_a_reg_reg[25]/R (clocked by clk) that results in large hold timing violation(s) of -3.300 ns. Fixing large hold violations during routing might impact setup slack and result in more difficult timing closure
Related violations: <none>

TIMING-15#101 Warning
Large hold violation  
There is a large clock skew of 3.334 ns between reset (clocked by clk) and operand_a_reg_reg[28]/R (clocked by clk) that results in large hold timing violation(s) of -3.300 ns. Fixing large hold violations during routing might impact setup slack and result in more difficult timing closure
Related violations: <none>

TIMING-15#102 Warning
Large hold violation  
There is a large clock skew of 3.334 ns between reset (clocked by clk) and operand_b_reg_reg[18]/R (clocked by clk) that results in large hold timing violation(s) of -3.300 ns. Fixing large hold violations during routing might impact setup slack and result in more difficult timing closure
Related violations: <none>

TIMING-15#103 Warning
Large hold violation  
There is a large clock skew of 3.336 ns between reset (clocked by clk) and operand_a_reg_reg[26]/R (clocked by clk) that results in large hold timing violation(s) of -3.302 ns. Fixing large hold violations during routing might impact setup slack and result in more difficult timing closure
Related violations: <none>

TIMING-15#104 Warning
Large hold violation  
There is a large clock skew of 3.336 ns between reset (clocked by clk) and operand_a_reg_reg[27]/R (clocked by clk) that results in large hold timing violation(s) of -3.302 ns. Fixing large hold violations during routing might impact setup slack and result in more difficult timing closure
Related violations: <none>

TIMING-15#105 Warning
Large hold violation  
There is a large clock skew of 3.336 ns between reset (clocked by clk) and operand_a_reg_reg[30]/R (clocked by clk) that results in large hold timing violation(s) of -3.302 ns. Fixing large hold violations during routing might impact setup slack and result in more difficult timing closure
Related violations: <none>

TIMING-15#106 Warning
Large hold violation  
There is a large clock skew of 3.336 ns between reset (clocked by clk) and operand_b_reg_reg[25]/R (clocked by clk) that results in large hold timing violation(s) of -3.302 ns. Fixing large hold violations during routing might impact setup slack and result in more difficult timing closure
Related violations: <none>

TIMING-15#107 Warning
Large hold violation  
There is a large clock skew of 3.336 ns between reset (clocked by clk) and operand_b_reg_reg[28]/R (clocked by clk) that results in large hold timing violation(s) of -3.302 ns. Fixing large hold violations during routing might impact setup slack and result in more difficult timing closure
Related violations: <none>

TIMING-15#108 Warning
Large hold violation  
There is a large clock skew of 3.336 ns between reset (clocked by clk) and operand_b_reg_reg[30]/R (clocked by clk) that results in large hold timing violation(s) of -3.302 ns. Fixing large hold violations during routing might impact setup slack and result in more difficult timing closure
Related violations: <none>

TIMING-15#109 Warning
Large hold violation  
There is a large clock skew of 3.336 ns between reset (clocked by clk) and operand_b_reg_reg[31]/R (clocked by clk) that results in large hold timing violation(s) of -3.302 ns. Fixing large hold violations during routing might impact setup slack and result in more difficult timing closure
Related violations: <none>

TIMING-15#110 Warning
Large hold violation  
There is a large clock skew of 3.336 ns between reset (clocked by clk) and operation_reg_reg[0]/R (clocked by clk) that results in large hold timing violation(s) of -3.302 ns. Fixing large hold violations during routing might impact setup slack and result in more difficult timing closure
Related violations: <none>

TIMING-15#111 Warning
Large hold violation  
There is a large clock skew of 3.336 ns between reset (clocked by clk) and operation_reg_reg[1]/R (clocked by clk) that results in large hold timing violation(s) of -3.302 ns. Fixing large hold violations during routing might impact setup slack and result in more difficult timing closure
Related violations: <none>

TIMING-15#112 Warning
Large hold violation  
There is a large clock skew of 3.336 ns between reset (clocked by clk) and valid_in_reg_reg/R (clocked by clk) that results in large hold timing violation(s) of -3.302 ns. Fixing large hold violations during routing might impact setup slack and result in more difficult timing closure
Related violations: <none>

TIMING-15#113 Warning
Large hold violation  
There is a large clock skew of 3.340 ns between reset (clocked by clk) and reset_reg_reg_replica/D (clocked by clk) that results in large hold timing violation(s) of -3.377 ns. Fixing large hold violations during routing might impact setup slack and result in more difficult timing closure
Related violations: <none>

TIMING-15#114 Warning
Large hold violation  
There is a large clock skew of 3.341 ns between reset (clocked by clk) and operand_a_reg_reg[3]/R (clocked by clk) that results in large hold timing violation(s) of -3.304 ns. Fixing large hold violations during routing might impact setup slack and result in more difficult timing closure
Related violations: <none>

TIMING-15#115 Warning
Large hold violation  
There is a large clock skew of 3.341 ns between reset (clocked by clk) and operand_a_reg_reg[8]/R (clocked by clk) that results in large hold timing violation(s) of -3.304 ns. Fixing large hold violations during routing might impact setup slack and result in more difficult timing closure
Related violations: <none>

TIMING-15#116 Warning
Large hold violation  
There is a large clock skew of 3.341 ns between reset (clocked by clk) and operand_b_reg_reg[10]/R (clocked by clk) that results in large hold timing violation(s) of -3.304 ns. Fixing large hold violations during routing might impact setup slack and result in more difficult timing closure
Related violations: <none>

TIMING-15#117 Warning
Large hold violation  
There is a large clock skew of 3.342 ns between reset (clocked by clk) and operand_a_reg_reg[23]/R (clocked by clk) that results in large hold timing violation(s) of -3.307 ns. Fixing large hold violations during routing might impact setup slack and result in more difficult timing closure
Related violations: <none>

TIMING-15#118 Warning
Large hold violation  
There is a large clock skew of 3.342 ns between reset (clocked by clk) and operand_b_reg_reg[23]/R (clocked by clk) that results in large hold timing violation(s) of -3.307 ns. Fixing large hold violations during routing might impact setup slack and result in more difficult timing closure
Related violations: <none>

TIMING-15#119 Warning
Large hold violation  
There is a large clock skew of 3.342 ns between reset (clocked by clk) and operand_b_reg_reg[27]/R (clocked by clk) that results in large hold timing violation(s) of -3.307 ns. Fixing large hold violations during routing might impact setup slack and result in more difficult timing closure
Related violations: <none>

TIMING-15#120 Warning
Large hold violation  
There is a large clock skew of 3.342 ns between reset (clocked by clk) and ready_in_reg_reg/R (clocked by clk) that results in large hold timing violation(s) of -3.307 ns. Fixing large hold violations during routing might impact setup slack and result in more difficult timing closure
Related violations: <none>

TIMING-15#121 Warning
Large hold violation  
There is a large clock skew of 3.343 ns between reset (clocked by clk) and operand_a_reg_reg[5]/R (clocked by clk) that results in large hold timing violation(s) of -3.306 ns. Fixing large hold violations during routing might impact setup slack and result in more difficult timing closure
Related violations: <none>

TIMING-15#122 Warning
Large hold violation  
There is a large clock skew of 3.346 ns between reset (clocked by clk) and operand_a_reg_reg[29]/R (clocked by clk) that results in large hold timing violation(s) of -3.309 ns. Fixing large hold violations during routing might impact setup slack and result in more difficult timing closure
Related violations: <none>

TIMING-15#123 Warning
Large hold violation  
There is a large clock skew of 3.377 ns between reset (clocked by clk) and operand_a_reg_reg[20]/R (clocked by clk) that results in large hold timing violation(s) of -3.340 ns. Fixing large hold violations during routing might impact setup slack and result in more difficult timing closure
Related violations: <none>

TIMING-15#124 Warning
Large hold violation  
There is a large clock skew of 3.377 ns between reset (clocked by clk) and operand_a_reg_reg[4]/R (clocked by clk) that results in large hold timing violation(s) of -3.340 ns. Fixing large hold violations during routing might impact setup slack and result in more difficult timing closure
Related violations: <none>

TIMING-15#125 Warning
Large hold violation  
There is a large clock skew of 3.377 ns between reset (clocked by clk) and operand_a_reg_reg[9]/R (clocked by clk) that results in large hold timing violation(s) of -3.340 ns. Fixing large hold violations during routing might impact setup slack and result in more difficult timing closure
Related violations: <none>

TIMING-15#126 Warning
Large hold violation  
There is a large clock skew of 3.377 ns between reset (clocked by clk) and operand_b_reg_reg[15]/R (clocked by clk) that results in large hold timing violation(s) of -3.340 ns. Fixing large hold violations during routing might impact setup slack and result in more difficult timing closure
Related violations: <none>

TIMING-15#127 Warning
Large hold violation  
There is a large clock skew of 3.390 ns between reset (clocked by clk) and operand_b_reg_reg[21]/R (clocked by clk) that results in large hold timing violation(s) of -3.353 ns. Fixing large hold violations during routing might impact setup slack and result in more difficult timing closure
Related violations: <none>

TIMING-15#128 Warning
Large hold violation  
There is a large clock skew of 3.397 ns between reset (clocked by clk) and operand_b_reg_reg[0]/R (clocked by clk) that results in large hold timing violation(s) of -3.362 ns. Fixing large hold violations during routing might impact setup slack and result in more difficult timing closure
Related violations: <none>

TIMING-15#129 Warning
Large hold violation  
There is a large clock skew of 3.397 ns between reset (clocked by clk) and operand_b_reg_reg[17]/R (clocked by clk) that results in large hold timing violation(s) of -3.362 ns. Fixing large hold violations during routing might impact setup slack and result in more difficult timing closure
Related violations: <none>

TIMING-15#130 Warning
Large hold violation  
There is a large clock skew of 3.397 ns between reset (clocked by clk) and operand_b_reg_reg[19]/R (clocked by clk) that results in large hold timing violation(s) of -3.362 ns. Fixing large hold violations during routing might impact setup slack and result in more difficult timing closure
Related violations: <none>

TIMING-15#131 Warning
Large hold violation  
There is a large clock skew of 3.397 ns between reset (clocked by clk) and operand_b_reg_reg[3]/R (clocked by clk) that results in large hold timing violation(s) of -3.362 ns. Fixing large hold violations during routing might impact setup slack and result in more difficult timing closure
Related violations: <none>

TIMING-15#132 Warning
Large hold violation  
There is a large clock skew of 3.399 ns between reset (clocked by clk) and operand_a_reg_reg[13]/R (clocked by clk) that results in large hold timing violation(s) of -3.364 ns. Fixing large hold violations during routing might impact setup slack and result in more difficult timing closure
Related violations: <none>

TIMING-15#133 Warning
Large hold violation  
There is a large clock skew of 3.401 ns between reset (clocked by clk) and operand_a_reg_reg[18]/R (clocked by clk) that results in large hold timing violation(s) of -3.366 ns. Fixing large hold violations during routing might impact setup slack and result in more difficult timing closure
Related violations: <none>

TIMING-15#134 Warning
Large hold violation  
There is a large clock skew of 3.401 ns between reset (clocked by clk) and operand_a_reg_reg[2]/R (clocked by clk) that results in large hold timing violation(s) of -3.366 ns. Fixing large hold violations during routing might impact setup slack and result in more difficult timing closure
Related violations: <none>

TIMING-15#135 Warning
Large hold violation  
There is a large clock skew of 3.404 ns between reset (clocked by clk) and operand_b_reg_reg[16]/R (clocked by clk) that results in large hold timing violation(s) of -3.367 ns. Fixing large hold violations during routing might impact setup slack and result in more difficult timing closure
Related violations: <none>

TIMING-15#136 Warning
Large hold violation  
There is a large clock skew of 3.406 ns between reset (clocked by clk) and operand_a_reg_reg[11]/R (clocked by clk) that results in large hold timing violation(s) of -3.369 ns. Fixing large hold violations during routing might impact setup slack and result in more difficult timing closure
Related violations: <none>

TIMING-15#137 Warning
Large hold violation  
There is a large clock skew of 3.406 ns between reset (clocked by clk) and operand_a_reg_reg[15]/R (clocked by clk) that results in large hold timing violation(s) of -3.369 ns. Fixing large hold violations during routing might impact setup slack and result in more difficult timing closure
Related violations: <none>

TIMING-15#138 Warning
Large hold violation  
There is a large clock skew of 3.406 ns between reset (clocked by clk) and operand_b_reg_reg[5]/R (clocked by clk) that results in large hold timing violation(s) of -3.369 ns. Fixing large hold violations during routing might impact setup slack and result in more difficult timing closure
Related violations: <none>

TIMING-15#139 Warning
Large hold violation  
There is a large clock skew of 3.406 ns between reset (clocked by clk) and operand_b_reg_reg[7]/R (clocked by clk) that results in large hold timing violation(s) of -3.369 ns. Fixing large hold violations during routing might impact setup slack and result in more difficult timing closure
Related violations: <none>

TIMING-15#140 Warning
Large hold violation  
There is a large clock skew of 3.406 ns between reset (clocked by clk) and operand_b_reg_reg[8]/R (clocked by clk) that results in large hold timing violation(s) of -3.369 ns. Fixing large hold violations during routing might impact setup slack and result in more difficult timing closure
Related violations: <none>

TIMING-15#141 Warning
Large hold violation  
There is a large clock skew of 3.407 ns between reset (clocked by clk) and reset_reg_reg_replica_3/D (clocked by clk) that results in large hold timing violation(s) of -3.442 ns. Fixing large hold violations during routing might impact setup slack and result in more difficult timing closure
Related violations: <none>

TIMING-15#142 Warning
Large hold violation  
There is a large clock skew of 3.408 ns between reset (clocked by clk) and operand_a_reg_reg[16]/R (clocked by clk) that results in large hold timing violation(s) of -3.371 ns. Fixing large hold violations during routing might impact setup slack and result in more difficult timing closure
Related violations: <none>

TIMING-15#143 Warning
Large hold violation  
There is a large clock skew of 3.408 ns between reset (clocked by clk) and operand_b_reg_reg[4]/R (clocked by clk) that results in large hold timing violation(s) of -3.371 ns. Fixing large hold violations during routing might impact setup slack and result in more difficult timing closure
Related violations: <none>

TIMING-15#144 Warning
Large hold violation  
There is a large clock skew of 3.408 ns between reset (clocked by clk) and operand_b_reg_reg[6]/R (clocked by clk) that results in large hold timing violation(s) of -3.371 ns. Fixing large hold violations during routing might impact setup slack and result in more difficult timing closure
Related violations: <none>

XDCH-2#1 Warning
Same min and max delay values on IO port  
The same input delay of 0.200 ns has been defined on port 'reset' relative to clock clk for both max and min. Make sure this reflects the design intent.
set_input_delay -clock clk 0.200 [get_ports reset]
/tmp/tmp.JvZNJZL55Q/device_input_registered.xdc (Line: 31)
Related violations: <none>

XDCH-2#2 Warning
Same min and max delay values on IO port  
The same input delay of 0.300 ns has been defined on port 'operation[0]' relative to clock clk for both max and min. Make sure this reflects the design intent.
set_input_delay -clock clk 0.300 [get_ports {{operation[*]} valid_in ready_in}]
/tmp/tmp.JvZNJZL55Q/device_input_registered.xdc (Line: 28)
Related violations: <none>

XDCH-2#3 Warning
Same min and max delay values on IO port  
The same input delay of 0.300 ns has been defined on port 'operation[1]' relative to clock clk for both max and min. Make sure this reflects the design intent.
set_input_delay -clock clk 0.300 [get_ports {{operation[*]} valid_in ready_in}]
/tmp/tmp.JvZNJZL55Q/device_input_registered.xdc (Line: 28)
Related violations: <none>

XDCH-2#4 Warning
Same min and max delay values on IO port  
The same input delay of 0.300 ns has been defined on port 'ready_in' relative to clock clk for both max and min. Make sure this reflects the design intent.
set_input_delay -clock clk 0.300 [get_ports {{operation[*]} valid_in ready_in}]
/tmp/tmp.JvZNJZL55Q/device_input_registered.xdc (Line: 28)
Related violations: <none>

XDCH-2#5 Warning
Same min and max delay values on IO port  
The same input delay of 0.300 ns has been defined on port 'valid_in' relative to clock clk for both max and min. Make sure this reflects the design intent.
set_input_delay -clock clk 0.300 [get_ports {{operation[*]} valid_in ready_in}]
/tmp/tmp.JvZNJZL55Q/device_input_registered.xdc (Line: 28)
Related violations: <none>

XDCH-2#6 Warning
Same min and max delay values on IO port  
The same input delay of 0.500 ns has been defined on port 'operand_a[0]' relative to clock clk for both max and min. Make sure this reflects the design intent.
set_input_delay -clock clk 0.500 [get_ports {{operand_a[*]} {operand_b[*]}}]
/tmp/tmp.JvZNJZL55Q/device_input_registered.xdc (Line: 25)
Related violations: <none>

XDCH-2#7 Warning
Same min and max delay values on IO port  
The same input delay of 0.500 ns has been defined on port 'operand_a[10]' relative to clock clk for both max and min. Make sure this reflects the design intent.
set_input_delay -clock clk 0.500 [get_ports {{operand_a[*]} {operand_b[*]}}]
/tmp/tmp.JvZNJZL55Q/device_input_registered.xdc (Line: 25)
Related violations: <none>

XDCH-2#8 Warning
Same min and max delay values on IO port  
The same input delay of 0.500 ns has been defined on port 'operand_a[11]' relative to clock clk for both max and min. Make sure this reflects the design intent.
set_input_delay -clock clk 0.500 [get_ports {{operand_a[*]} {operand_b[*]}}]
/tmp/tmp.JvZNJZL55Q/device_input_registered.xdc (Line: 25)
Related violations: <none>

XDCH-2#9 Warning
Same min and max delay values on IO port  
The same input delay of 0.500 ns has been defined on port 'operand_a[12]' relative to clock clk for both max and min. Make sure this reflects the design intent.
set_input_delay -clock clk 0.500 [get_ports {{operand_a[*]} {operand_b[*]}}]
/tmp/tmp.JvZNJZL55Q/device_input_registered.xdc (Line: 25)
Related violations: <none>

XDCH-2#10 Warning
Same min and max delay values on IO port  
The same input delay of 0.500 ns has been defined on port 'operand_a[13]' relative to clock clk for both max and min. Make sure this reflects the design intent.
set_input_delay -clock clk 0.500 [get_ports {{operand_a[*]} {operand_b[*]}}]
/tmp/tmp.JvZNJZL55Q/device_input_registered.xdc (Line: 25)
Related violations: <none>

XDCH-2#11 Warning
Same min and max delay values on IO port  
The same input delay of 0.500 ns has been defined on port 'operand_a[14]' relative to clock clk for both max and min. Make sure this reflects the design intent.
set_input_delay -clock clk 0.500 [get_ports {{operand_a[*]} {operand_b[*]}}]
/tmp/tmp.JvZNJZL55Q/device_input_registered.xdc (Line: 25)
Related violations: <none>

XDCH-2#12 Warning
Same min and max delay values on IO port  
The same input delay of 0.500 ns has been defined on port 'operand_a[15]' relative to clock clk for both max and min. Make sure this reflects the design intent.
set_input_delay -clock clk 0.500 [get_ports {{operand_a[*]} {operand_b[*]}}]
/tmp/tmp.JvZNJZL55Q/device_input_registered.xdc (Line: 25)
Related violations: <none>

XDCH-2#13 Warning
Same min and max delay values on IO port  
The same input delay of 0.500 ns has been defined on port 'operand_a[16]' relative to clock clk for both max and min. Make sure this reflects the design intent.
set_input_delay -clock clk 0.500 [get_ports {{operand_a[*]} {operand_b[*]}}]
/tmp/tmp.JvZNJZL55Q/device_input_registered.xdc (Line: 25)
Related violations: <none>

XDCH-2#14 Warning
Same min and max delay values on IO port  
The same input delay of 0.500 ns has been defined on port 'operand_a[17]' relative to clock clk for both max and min. Make sure this reflects the design intent.
set_input_delay -clock clk 0.500 [get_ports {{operand_a[*]} {operand_b[*]}}]
/tmp/tmp.JvZNJZL55Q/device_input_registered.xdc (Line: 25)
Related violations: <none>

XDCH-2#15 Warning
Same min and max delay values on IO port  
The same input delay of 0.500 ns has been defined on port 'operand_a[18]' relative to clock clk for both max and min. Make sure this reflects the design intent.
set_input_delay -clock clk 0.500 [get_ports {{operand_a[*]} {operand_b[*]}}]
/tmp/tmp.JvZNJZL55Q/device_input_registered.xdc (Line: 25)
Related violations: <none>

XDCH-2#16 Warning
Same min and max delay values on IO port  
The same input delay of 0.500 ns has been defined on port 'operand_a[19]' relative to clock clk for both max and min. Make sure this reflects the design intent.
set_input_delay -clock clk 0.500 [get_ports {{operand_a[*]} {operand_b[*]}}]
/tmp/tmp.JvZNJZL55Q/device_input_registered.xdc (Line: 25)
Related violations: <none>

XDCH-2#17 Warning
Same min and max delay values on IO port  
The same input delay of 0.500 ns has been defined on port 'operand_a[1]' relative to clock clk for both max and min. Make sure this reflects the design intent.
set_input_delay -clock clk 0.500 [get_ports {{operand_a[*]} {operand_b[*]}}]
/tmp/tmp.JvZNJZL55Q/device_input_registered.xdc (Line: 25)
Related violations: <none>

XDCH-2#18 Warning
Same min and max delay values on IO port  
The same input delay of 0.500 ns has been defined on port 'operand_a[20]' relative to clock clk for both max and min. Make sure this reflects the design intent.
set_input_delay -clock clk 0.500 [get_ports {{operand_a[*]} {operand_b[*]}}]
/tmp/tmp.JvZNJZL55Q/device_input_registered.xdc (Line: 25)
Related violations: <none>

XDCH-2#19 Warning
Same min and max delay values on IO port  
The same input delay of 0.500 ns has been defined on port 'operand_a[21]' relative to clock clk for both max and min. Make sure this reflects the design intent.
set_input_delay -clock clk 0.500 [get_ports {{operand_a[*]} {operand_b[*]}}]
/tmp/tmp.JvZNJZL55Q/device_input_registered.xdc (Line: 25)
Related violations: <none>

XDCH-2#20 Warning
Same min and max delay values on IO port  
The same input delay of 0.500 ns has been defined on port 'operand_a[22]' relative to clock clk for both max and min. Make sure this reflects the design intent.
set_input_delay -clock clk 0.500 [get_ports {{operand_a[*]} {operand_b[*]}}]
/tmp/tmp.JvZNJZL55Q/device_input_registered.xdc (Line: 25)
Related violations: <none>

XDCH-2#21 Warning
Same min and max delay values on IO port  
The same input delay of 0.500 ns has been defined on port 'operand_a[23]' relative to clock clk for both max and min. Make sure this reflects the design intent.
set_input_delay -clock clk 0.500 [get_ports {{operand_a[*]} {operand_b[*]}}]
/tmp/tmp.JvZNJZL55Q/device_input_registered.xdc (Line: 25)
Related violations: <none>

XDCH-2#22 Warning
Same min and max delay values on IO port  
The same input delay of 0.500 ns has been defined on port 'operand_a[24]' relative to clock clk for both max and min. Make sure this reflects the design intent.
set_input_delay -clock clk 0.500 [get_ports {{operand_a[*]} {operand_b[*]}}]
/tmp/tmp.JvZNJZL55Q/device_input_registered.xdc (Line: 25)
Related violations: <none>

XDCH-2#23 Warning
Same min and max delay values on IO port  
The same input delay of 0.500 ns has been defined on port 'operand_a[25]' relative to clock clk for both max and min. Make sure this reflects the design intent.
set_input_delay -clock clk 0.500 [get_ports {{operand_a[*]} {operand_b[*]}}]
/tmp/tmp.JvZNJZL55Q/device_input_registered.xdc (Line: 25)
Related violations: <none>

XDCH-2#24 Warning
Same min and max delay values on IO port  
The same input delay of 0.500 ns has been defined on port 'operand_a[26]' relative to clock clk for both max and min. Make sure this reflects the design intent.
set_input_delay -clock clk 0.500 [get_ports {{operand_a[*]} {operand_b[*]}}]
/tmp/tmp.JvZNJZL55Q/device_input_registered.xdc (Line: 25)
Related violations: <none>

XDCH-2#25 Warning
Same min and max delay values on IO port  
The same input delay of 0.500 ns has been defined on port 'operand_a[27]' relative to clock clk for both max and min. Make sure this reflects the design intent.
set_input_delay -clock clk 0.500 [get_ports {{operand_a[*]} {operand_b[*]}}]
/tmp/tmp.JvZNJZL55Q/device_input_registered.xdc (Line: 25)
Related violations: <none>

XDCH-2#26 Warning
Same min and max delay values on IO port  
The same input delay of 0.500 ns has been defined on port 'operand_a[28]' relative to clock clk for both max and min. Make sure this reflects the design intent.
set_input_delay -clock clk 0.500 [get_ports {{operand_a[*]} {operand_b[*]}}]
/tmp/tmp.JvZNJZL55Q/device_input_registered.xdc (Line: 25)
Related violations: <none>

XDCH-2#27 Warning
Same min and max delay values on IO port  
The same input delay of 0.500 ns has been defined on port 'operand_a[29]' relative to clock clk for both max and min. Make sure this reflects the design intent.
set_input_delay -clock clk 0.500 [get_ports {{operand_a[*]} {operand_b[*]}}]
/tmp/tmp.JvZNJZL55Q/device_input_registered.xdc (Line: 25)
Related violations: <none>

XDCH-2#28 Warning
Same min and max delay values on IO port  
The same input delay of 0.500 ns has been defined on port 'operand_a[2]' relative to clock clk for both max and min. Make sure this reflects the design intent.
set_input_delay -clock clk 0.500 [get_ports {{operand_a[*]} {operand_b[*]}}]
/tmp/tmp.JvZNJZL55Q/device_input_registered.xdc (Line: 25)
Related violations: <none>

XDCH-2#29 Warning
Same min and max delay values on IO port  
The same input delay of 0.500 ns has been defined on port 'operand_a[30]' relative to clock clk for both max and min. Make sure this reflects the design intent.
set_input_delay -clock clk 0.500 [get_ports {{operand_a[*]} {operand_b[*]}}]
/tmp/tmp.JvZNJZL55Q/device_input_registered.xdc (Line: 25)
Related violations: <none>

XDCH-2#30 Warning
Same min and max delay values on IO port  
The same input delay of 0.500 ns has been defined on port 'operand_a[31]' relative to clock clk for both max and min. Make sure this reflects the design intent.
set_input_delay -clock clk 0.500 [get_ports {{operand_a[*]} {operand_b[*]}}]
/tmp/tmp.JvZNJZL55Q/device_input_registered.xdc (Line: 25)
Related violations: <none>

XDCH-2#31 Warning
Same min and max delay values on IO port  
The same input delay of 0.500 ns has been defined on port 'operand_a[3]' relative to clock clk for both max and min. Make sure this reflects the design intent.
set_input_delay -clock clk 0.500 [get_ports {{operand_a[*]} {operand_b[*]}}]
/tmp/tmp.JvZNJZL55Q/device_input_registered.xdc (Line: 25)
Related violations: <none>

XDCH-2#32 Warning
Same min and max delay values on IO port  
The same input delay of 0.500 ns has been defined on port 'operand_a[4]' relative to clock clk for both max and min. Make sure this reflects the design intent.
set_input_delay -clock clk 0.500 [get_ports {{operand_a[*]} {operand_b[*]}}]
/tmp/tmp.JvZNJZL55Q/device_input_registered.xdc (Line: 25)
Related violations: <none>

XDCH-2#33 Warning
Same min and max delay values on IO port  
The same input delay of 0.500 ns has been defined on port 'operand_a[5]' relative to clock clk for both max and min. Make sure this reflects the design intent.
set_input_delay -clock clk 0.500 [get_ports {{operand_a[*]} {operand_b[*]}}]
/tmp/tmp.JvZNJZL55Q/device_input_registered.xdc (Line: 25)
Related violations: <none>

XDCH-2#34 Warning
Same min and max delay values on IO port  
The same input delay of 0.500 ns has been defined on port 'operand_a[6]' relative to clock clk for both max and min. Make sure this reflects the design intent.
set_input_delay -clock clk 0.500 [get_ports {{operand_a[*]} {operand_b[*]}}]
/tmp/tmp.JvZNJZL55Q/device_input_registered.xdc (Line: 25)
Related violations: <none>

XDCH-2#35 Warning
Same min and max delay values on IO port  
The same input delay of 0.500 ns has been defined on port 'operand_a[7]' relative to clock clk for both max and min. Make sure this reflects the design intent.
set_input_delay -clock clk 0.500 [get_ports {{operand_a[*]} {operand_b[*]}}]
/tmp/tmp.JvZNJZL55Q/device_input_registered.xdc (Line: 25)
Related violations: <none>

XDCH-2#36 Warning
Same min and max delay values on IO port  
The same input delay of 0.500 ns has been defined on port 'operand_a[8]' relative to clock clk for both max and min. Make sure this reflects the design intent.
set_input_delay -clock clk 0.500 [get_ports {{operand_a[*]} {operand_b[*]}}]
/tmp/tmp.JvZNJZL55Q/device_input_registered.xdc (Line: 25)
Related violations: <none>

XDCH-2#37 Warning
Same min and max delay values on IO port  
The same input delay of 0.500 ns has been defined on port 'operand_a[9]' relative to clock clk for both max and min. Make sure this reflects the design intent.
set_input_delay -clock clk 0.500 [get_ports {{operand_a[*]} {operand_b[*]}}]
/tmp/tmp.JvZNJZL55Q/device_input_registered.xdc (Line: 25)
Related violations: <none>

XDCH-2#38 Warning
Same min and max delay values on IO port  
The same input delay of 0.500 ns has been defined on port 'operand_b[0]' relative to clock clk for both max and min. Make sure this reflects the design intent.
set_input_delay -clock clk 0.500 [get_ports {{operand_a[*]} {operand_b[*]}}]
/tmp/tmp.JvZNJZL55Q/device_input_registered.xdc (Line: 25)
Related violations: <none>

XDCH-2#39 Warning
Same min and max delay values on IO port  
The same input delay of 0.500 ns has been defined on port 'operand_b[10]' relative to clock clk for both max and min. Make sure this reflects the design intent.
set_input_delay -clock clk 0.500 [get_ports {{operand_a[*]} {operand_b[*]}}]
/tmp/tmp.JvZNJZL55Q/device_input_registered.xdc (Line: 25)
Related violations: <none>

XDCH-2#40 Warning
Same min and max delay values on IO port  
The same input delay of 0.500 ns has been defined on port 'operand_b[11]' relative to clock clk for both max and min. Make sure this reflects the design intent.
set_input_delay -clock clk 0.500 [get_ports {{operand_a[*]} {operand_b[*]}}]
/tmp/tmp.JvZNJZL55Q/device_input_registered.xdc (Line: 25)
Related violations: <none>

XDCH-2#41 Warning
Same min and max delay values on IO port  
The same input delay of 0.500 ns has been defined on port 'operand_b[12]' relative to clock clk for both max and min. Make sure this reflects the design intent.
set_input_delay -clock clk 0.500 [get_ports {{operand_a[*]} {operand_b[*]}}]
/tmp/tmp.JvZNJZL55Q/device_input_registered.xdc (Line: 25)
Related violations: <none>

XDCH-2#42 Warning
Same min and max delay values on IO port  
The same input delay of 0.500 ns has been defined on port 'operand_b[13]' relative to clock clk for both max and min. Make sure this reflects the design intent.
set_input_delay -clock clk 0.500 [get_ports {{operand_a[*]} {operand_b[*]}}]
/tmp/tmp.JvZNJZL55Q/device_input_registered.xdc (Line: 25)
Related violations: <none>

XDCH-2#43 Warning
Same min and max delay values on IO port  
The same input delay of 0.500 ns has been defined on port 'operand_b[14]' relative to clock clk for both max and min. Make sure this reflects the design intent.
set_input_delay -clock clk 0.500 [get_ports {{operand_a[*]} {operand_b[*]}}]
/tmp/tmp.JvZNJZL55Q/device_input_registered.xdc (Line: 25)
Related violations: <none>

XDCH-2#44 Warning
Same min and max delay values on IO port  
The same input delay of 0.500 ns has been defined on port 'operand_b[15]' relative to clock clk for both max and min. Make sure this reflects the design intent.
set_input_delay -clock clk 0.500 [get_ports {{operand_a[*]} {operand_b[*]}}]
/tmp/tmp.JvZNJZL55Q/device_input_registered.xdc (Line: 25)
Related violations: <none>

XDCH-2#45 Warning
Same min and max delay values on IO port  
The same input delay of 0.500 ns has been defined on port 'operand_b[16]' relative to clock clk for both max and min. Make sure this reflects the design intent.
set_input_delay -clock clk 0.500 [get_ports {{operand_a[*]} {operand_b[*]}}]
/tmp/tmp.JvZNJZL55Q/device_input_registered.xdc (Line: 25)
Related violations: <none>

XDCH-2#46 Warning
Same min and max delay values on IO port  
The same input delay of 0.500 ns has been defined on port 'operand_b[17]' relative to clock clk for both max and min. Make sure this reflects the design intent.
set_input_delay -clock clk 0.500 [get_ports {{operand_a[*]} {operand_b[*]}}]
/tmp/tmp.JvZNJZL55Q/device_input_registered.xdc (Line: 25)
Related violations: <none>

XDCH-2#47 Warning
Same min and max delay values on IO port  
The same input delay of 0.500 ns has been defined on port 'operand_b[18]' relative to clock clk for both max and min. Make sure this reflects the design intent.
set_input_delay -clock clk 0.500 [get_ports {{operand_a[*]} {operand_b[*]}}]
/tmp/tmp.JvZNJZL55Q/device_input_registered.xdc (Line: 25)
Related violations: <none>

XDCH-2#48 Warning
Same min and max delay values on IO port  
The same input delay of 0.500 ns has been defined on port 'operand_b[19]' relative to clock clk for both max and min. Make sure this reflects the design intent.
set_input_delay -clock clk 0.500 [get_ports {{operand_a[*]} {operand_b[*]}}]
/tmp/tmp.JvZNJZL55Q/device_input_registered.xdc (Line: 25)
Related violations: <none>

XDCH-2#49 Warning
Same min and max delay values on IO port  
The same input delay of 0.500 ns has been defined on port 'operand_b[1]' relative to clock clk for both max and min. Make sure this reflects the design intent.
set_input_delay -clock clk 0.500 [get_ports {{operand_a[*]} {operand_b[*]}}]
/tmp/tmp.JvZNJZL55Q/device_input_registered.xdc (Line: 25)
Related violations: <none>

XDCH-2#50 Warning
Same min and max delay values on IO port  
The same input delay of 0.500 ns has been defined on port 'operand_b[20]' relative to clock clk for both max and min. Make sure this reflects the design intent.
set_input_delay -clock clk 0.500 [get_ports {{operand_a[*]} {operand_b[*]}}]
/tmp/tmp.JvZNJZL55Q/device_input_registered.xdc (Line: 25)
Related violations: <none>

XDCH-2#51 Warning
Same min and max delay values on IO port  
The same input delay of 0.500 ns has been defined on port 'operand_b[21]' relative to clock clk for both max and min. Make sure this reflects the design intent.
set_input_delay -clock clk 0.500 [get_ports {{operand_a[*]} {operand_b[*]}}]
/tmp/tmp.JvZNJZL55Q/device_input_registered.xdc (Line: 25)
Related violations: <none>

XDCH-2#52 Warning
Same min and max delay values on IO port  
The same input delay of 0.500 ns has been defined on port 'operand_b[22]' relative to clock clk for both max and min. Make sure this reflects the design intent.
set_input_delay -clock clk 0.500 [get_ports {{operand_a[*]} {operand_b[*]}}]
/tmp/tmp.JvZNJZL55Q/device_input_registered.xdc (Line: 25)
Related violations: <none>

XDCH-2#53 Warning
Same min and max delay values on IO port  
The same input delay of 0.500 ns has been defined on port 'operand_b[23]' relative to clock clk for both max and min. Make sure this reflects the design intent.
set_input_delay -clock clk 0.500 [get_ports {{operand_a[*]} {operand_b[*]}}]
/tmp/tmp.JvZNJZL55Q/device_input_registered.xdc (Line: 25)
Related violations: <none>

XDCH-2#54 Warning
Same min and max delay values on IO port  
The same input delay of 0.500 ns has been defined on port 'operand_b[24]' relative to clock clk for both max and min. Make sure this reflects the design intent.
set_input_delay -clock clk 0.500 [get_ports {{operand_a[*]} {operand_b[*]}}]
/tmp/tmp.JvZNJZL55Q/device_input_registered.xdc (Line: 25)
Related violations: <none>

XDCH-2#55 Warning
Same min and max delay values on IO port  
The same input delay of 0.500 ns has been defined on port 'operand_b[25]' relative to clock clk for both max and min. Make sure this reflects the design intent.
set_input_delay -clock clk 0.500 [get_ports {{operand_a[*]} {operand_b[*]}}]
/tmp/tmp.JvZNJZL55Q/device_input_registered.xdc (Line: 25)
Related violations: <none>

XDCH-2#56 Warning
Same min and max delay values on IO port  
The same input delay of 0.500 ns has been defined on port 'operand_b[26]' relative to clock clk for both max and min. Make sure this reflects the design intent.
set_input_delay -clock clk 0.500 [get_ports {{operand_a[*]} {operand_b[*]}}]
/tmp/tmp.JvZNJZL55Q/device_input_registered.xdc (Line: 25)
Related violations: <none>

XDCH-2#57 Warning
Same min and max delay values on IO port  
The same input delay of 0.500 ns has been defined on port 'operand_b[27]' relative to clock clk for both max and min. Make sure this reflects the design intent.
set_input_delay -clock clk 0.500 [get_ports {{operand_a[*]} {operand_b[*]}}]
/tmp/tmp.JvZNJZL55Q/device_input_registered.xdc (Line: 25)
Related violations: <none>

XDCH-2#58 Warning
Same min and max delay values on IO port  
The same input delay of 0.500 ns has been defined on port 'operand_b[28]' relative to clock clk for both max and min. Make sure this reflects the design intent.
set_input_delay -clock clk 0.500 [get_ports {{operand_a[*]} {operand_b[*]}}]
/tmp/tmp.JvZNJZL55Q/device_input_registered.xdc (Line: 25)
Related violations: <none>

XDCH-2#59 Warning
Same min and max delay values on IO port  
The same input delay of 0.500 ns has been defined on port 'operand_b[29]' relative to clock clk for both max and min. Make sure this reflects the design intent.
set_input_delay -clock clk 0.500 [get_ports {{operand_a[*]} {operand_b[*]}}]
/tmp/tmp.JvZNJZL55Q/device_input_registered.xdc (Line: 25)
Related violations: <none>

XDCH-2#60 Warning
Same min and max delay values on IO port  
The same input delay of 0.500 ns has been defined on port 'operand_b[2]' relative to clock clk for both max and min. Make sure this reflects the design intent.
set_input_delay -clock clk 0.500 [get_ports {{operand_a[*]} {operand_b[*]}}]
/tmp/tmp.JvZNJZL55Q/device_input_registered.xdc (Line: 25)
Related violations: <none>

XDCH-2#61 Warning
Same min and max delay values on IO port  
The same input delay of 0.500 ns has been defined on port 'operand_b[30]' relative to clock clk for both max and min. Make sure this reflects the design intent.
set_input_delay -clock clk 0.500 [get_ports {{operand_a[*]} {operand_b[*]}}]
/tmp/tmp.JvZNJZL55Q/device_input_registered.xdc (Line: 25)
Related violations: <none>

XDCH-2#62 Warning
Same min and max delay values on IO port  
The same input delay of 0.500 ns has been defined on port 'operand_b[31]' relative to clock clk for both max and min. Make sure this reflects the design intent.
set_input_delay -clock clk 0.500 [get_ports {{operand_a[*]} {operand_b[*]}}]
/tmp/tmp.JvZNJZL55Q/device_input_registered.xdc (Line: 25)
Related violations: <none>

XDCH-2#63 Warning
Same min and max delay values on IO port  
The same input delay of 0.500 ns has been defined on port 'operand_b[3]' relative to clock clk for both max and min. Make sure this reflects the design intent.
set_input_delay -clock clk 0.500 [get_ports {{operand_a[*]} {operand_b[*]}}]
/tmp/tmp.JvZNJZL55Q/device_input_registered.xdc (Line: 25)
Related violations: <none>

XDCH-2#64 Warning
Same min and max delay values on IO port  
The same input delay of 0.500 ns has been defined on port 'operand_b[4]' relative to clock clk for both max and min. Make sure this reflects the design intent.
set_input_delay -clock clk 0.500 [get_ports {{operand_a[*]} {operand_b[*]}}]
/tmp/tmp.JvZNJZL55Q/device_input_registered.xdc (Line: 25)
Related violations: <none>

XDCH-2#65 Warning
Same min and max delay values on IO port  
The same input delay of 0.500 ns has been defined on port 'operand_b[5]' relative to clock clk for both max and min. Make sure this reflects the design intent.
set_input_delay -clock clk 0.500 [get_ports {{operand_a[*]} {operand_b[*]}}]
/tmp/tmp.JvZNJZL55Q/device_input_registered.xdc (Line: 25)
Related violations: <none>

XDCH-2#66 Warning
Same min and max delay values on IO port  
The same input delay of 0.500 ns has been defined on port 'operand_b[6]' relative to clock clk for both max and min. Make sure this reflects the design intent.
set_input_delay -clock clk 0.500 [get_ports {{operand_a[*]} {operand_b[*]}}]
/tmp/tmp.JvZNJZL55Q/device_input_registered.xdc (Line: 25)
Related violations: <none>

XDCH-2#67 Warning
Same min and max delay values on IO port  
The same input delay of 0.500 ns has been defined on port 'operand_b[7]' relative to clock clk for both max and min. Make sure this reflects the design intent.
set_input_delay -clock clk 0.500 [get_ports {{operand_a[*]} {operand_b[*]}}]
/tmp/tmp.JvZNJZL55Q/device_input_registered.xdc (Line: 25)
Related violations: <none>

XDCH-2#68 Warning
Same min and max delay values on IO port  
The same input delay of 0.500 ns has been defined on port 'operand_b[8]' relative to clock clk for both max and min. Make sure this reflects the design intent.
set_input_delay -clock clk 0.500 [get_ports {{operand_a[*]} {operand_b[*]}}]
/tmp/tmp.JvZNJZL55Q/device_input_registered.xdc (Line: 25)
Related violations: <none>

XDCH-2#69 Warning
Same min and max delay values on IO port  
The same input delay of 0.500 ns has been defined on port 'operand_b[9]' relative to clock clk for both max and min. Make sure this reflects the design intent.
set_input_delay -clock clk 0.500 [get_ports {{operand_a[*]} {operand_b[*]}}]
/tmp/tmp.JvZNJZL55Q/device_input_registered.xdc (Line: 25)
Related violations: <none>

XDCH-2#70 Warning
Same min and max delay values on IO port  
The same output delay of 1.000 ns has been defined on port 'exception' relative to clock clk for both max and min. Make sure this reflects the design intent.
set_output_delay -clock clk 1.000 [get_ports -filter {DIRECTION == OUT}]
/tmp/tmp.JvZNJZL55Q/device_input_registered.xdc (Line: 34)
Related violations: <none>

XDCH-2#71 Warning
Same min and max delay values on IO port  
The same output delay of 1.000 ns has been defined on port 'overflow' relative to clock clk for both max and min. Make sure this reflects the design intent.
set_output_delay -clock clk 1.000 [get_ports -filter {DIRECTION == OUT}]
/tmp/tmp.JvZNJZL55Q/device_input_registered.xdc (Line: 34)
Related violations: <none>

XDCH-2#72 Warning
Same min and max delay values on IO port  
The same output delay of 1.000 ns has been defined on port 'ready_out' relative to clock clk for both max and min. Make sure this reflects the design intent.
set_output_delay -clock clk 1.000 [get_ports -filter {DIRECTION == OUT}]
/tmp/tmp.JvZNJZL55Q/device_input_registered.xdc (Line: 34)
Related violations: <none>

XDCH-2#73 Warning
Same min and max delay values on IO port  
The same output delay of 1.000 ns has been defined on port 'result[0]' relative to clock clk for both max and min. Make sure this reflects the design intent.
set_output_delay -clock clk 1.000 [get_ports -filter {DIRECTION == OUT}]
/tmp/tmp.JvZNJZL55Q/device_input_registered.xdc (Line: 34)
Related violations: <none>

XDCH-2#74 Warning
Same min and max delay values on IO port  
The same output delay of 1.000 ns has been defined on port 'result[10]' relative to clock clk for both max and min. Make sure this reflects the design intent.
set_output_delay -clock clk 1.000 [get_ports -filter {DIRECTION == OUT}]
/tmp/tmp.JvZNJZL55Q/device_input_registered.xdc (Line: 34)
Related violations: <none>

XDCH-2#75 Warning
Same min and max delay values on IO port  
The same output delay of 1.000 ns has been defined on port 'result[11]' relative to clock clk for both max and min. Make sure this reflects the design intent.
set_output_delay -clock clk 1.000 [get_ports -filter {DIRECTION == OUT}]
/tmp/tmp.JvZNJZL55Q/device_input_registered.xdc (Line: 34)
Related violations: <none>

XDCH-2#76 Warning
Same min and max delay values on IO port  
The same output delay of 1.000 ns has been defined on port 'result[12]' relative to clock clk for both max and min. Make sure this reflects the design intent.
set_output_delay -clock clk 1.000 [get_ports -filter {DIRECTION == OUT}]
/tmp/tmp.JvZNJZL55Q/device_input_registered.xdc (Line: 34)
Related violations: <none>

XDCH-2#77 Warning
Same min and max delay values on IO port  
The same output delay of 1.000 ns has been defined on port 'result[13]' relative to clock clk for both max and min. Make sure this reflects the design intent.
set_output_delay -clock clk 1.000 [get_ports -filter {DIRECTION == OUT}]
/tmp/tmp.JvZNJZL55Q/device_input_registered.xdc (Line: 34)
Related violations: <none>

XDCH-2#78 Warning
Same min and max delay values on IO port  
The same output delay of 1.000 ns has been defined on port 'result[14]' relative to clock clk for both max and min. Make sure this reflects the design intent.
set_output_delay -clock clk 1.000 [get_ports -filter {DIRECTION == OUT}]
/tmp/tmp.JvZNJZL55Q/device_input_registered.xdc (Line: 34)
Related violations: <none>

XDCH-2#79 Warning
Same min and max delay values on IO port  
The same output delay of 1.000 ns has been defined on port 'result[15]' relative to clock clk for both max and min. Make sure this reflects the design intent.
set_output_delay -clock clk 1.000 [get_ports -filter {DIRECTION == OUT}]
/tmp/tmp.JvZNJZL55Q/device_input_registered.xdc (Line: 34)
Related violations: <none>

XDCH-2#80 Warning
Same min and max delay values on IO port  
The same output delay of 1.000 ns has been defined on port 'result[16]' relative to clock clk for both max and min. Make sure this reflects the design intent.
set_output_delay -clock clk 1.000 [get_ports -filter {DIRECTION == OUT}]
/tmp/tmp.JvZNJZL55Q/device_input_registered.xdc (Line: 34)
Related violations: <none>

XDCH-2#81 Warning
Same min and max delay values on IO port  
The same output delay of 1.000 ns has been defined on port 'result[17]' relative to clock clk for both max and min. Make sure this reflects the design intent.
set_output_delay -clock clk 1.000 [get_ports -filter {DIRECTION == OUT}]
/tmp/tmp.JvZNJZL55Q/device_input_registered.xdc (Line: 34)
Related violations: <none>

XDCH-2#82 Warning
Same min and max delay values on IO port  
The same output delay of 1.000 ns has been defined on port 'result[18]' relative to clock clk for both max and min. Make sure this reflects the design intent.
set_output_delay -clock clk 1.000 [get_ports -filter {DIRECTION == OUT}]
/tmp/tmp.JvZNJZL55Q/device_input_registered.xdc (Line: 34)
Related violations: <none>

XDCH-2#83 Warning
Same min and max delay values on IO port  
The same output delay of 1.000 ns has been defined on port 'result[19]' relative to clock clk for both max and min. Make sure this reflects the design intent.
set_output_delay -clock clk 1.000 [get_ports -filter {DIRECTION == OUT}]
/tmp/tmp.JvZNJZL55Q/device_input_registered.xdc (Line: 34)
Related violations: <none>

XDCH-2#84 Warning
Same min and max delay values on IO port  
The same output delay of 1.000 ns has been defined on port 'result[1]' relative to clock clk for both max and min. Make sure this reflects the design intent.
set_output_delay -clock clk 1.000 [get_ports -filter {DIRECTION == OUT}]
/tmp/tmp.JvZNJZL55Q/device_input_registered.xdc (Line: 34)
Related violations: <none>

XDCH-2#85 Warning
Same min and max delay values on IO port  
The same output delay of 1.000 ns has been defined on port 'result[20]' relative to clock clk for both max and min. Make sure this reflects the design intent.
set_output_delay -clock clk 1.000 [get_ports -filter {DIRECTION == OUT}]
/tmp/tmp.JvZNJZL55Q/device_input_registered.xdc (Line: 34)
Related violations: <none>

XDCH-2#86 Warning
Same min and max delay values on IO port  
The same output delay of 1.000 ns has been defined on port 'result[21]' relative to clock clk for both max and min. Make sure this reflects the design intent.
set_output_delay -clock clk 1.000 [get_ports -filter {DIRECTION == OUT}]
/tmp/tmp.JvZNJZL55Q/device_input_registered.xdc (Line: 34)
Related violations: <none>

XDCH-2#87 Warning
Same min and max delay values on IO port  
The same output delay of 1.000 ns has been defined on port 'result[22]' relative to clock clk for both max and min. Make sure this reflects the design intent.
set_output_delay -clock clk 1.000 [get_ports -filter {DIRECTION == OUT}]
/tmp/tmp.JvZNJZL55Q/device_input_registered.xdc (Line: 34)
Related violations: <none>

XDCH-2#88 Warning
Same min and max delay values on IO port  
The same output delay of 1.000 ns has been defined on port 'result[23]' relative to clock clk for both max and min. Make sure this reflects the design intent.
set_output_delay -clock clk 1.000 [get_ports -filter {DIRECTION == OUT}]
/tmp/tmp.JvZNJZL55Q/device_input_registered.xdc (Line: 34)
Related violations: <none>

XDCH-2#89 Warning
Same min and max delay values on IO port  
The same output delay of 1.000 ns has been defined on port 'result[24]' relative to clock clk for both max and min. Make sure this reflects the design intent.
set_output_delay -clock clk 1.000 [get_ports -filter {DIRECTION == OUT}]
/tmp/tmp.JvZNJZL55Q/device_input_registered.xdc (Line: 34)
Related violations: <none>

XDCH-2#90 Warning
Same min and max delay values on IO port  
The same output delay of 1.000 ns has been defined on port 'result[25]' relative to clock clk for both max and min. Make sure this reflects the design intent.
set_output_delay -clock clk 1.000 [get_ports -filter {DIRECTION == OUT}]
/tmp/tmp.JvZNJZL55Q/device_input_registered.xdc (Line: 34)
Related violations: <none>

XDCH-2#91 Warning
Same min and max delay values on IO port  
The same output delay of 1.000 ns has been defined on port 'result[26]' relative to clock clk for both max and min. Make sure this reflects the design intent.
set_output_delay -clock clk 1.000 [get_ports -filter {DIRECTION == OUT}]
/tmp/tmp.JvZNJZL55Q/device_input_registered.xdc (Line: 34)
Related violations: <none>

XDCH-2#92 Warning
Same min and max delay values on IO port  
The same output delay of 1.000 ns has been defined on port 'result[27]' relative to clock clk for both max and min. Make sure this reflects the design intent.
set_output_delay -clock clk 1.000 [get_ports -filter {DIRECTION == OUT}]
/tmp/tmp.JvZNJZL55Q/device_input_registered.xdc (Line: 34)
Related violations: <none>

XDCH-2#93 Warning
Same min and max delay values on IO port  
The same output delay of 1.000 ns has been defined on port 'result[28]' relative to clock clk for both max and min. Make sure this reflects the design intent.
set_output_delay -clock clk 1.000 [get_ports -filter {DIRECTION == OUT}]
/tmp/tmp.JvZNJZL55Q/device_input_registered.xdc (Line: 34)
Related violations: <none>

XDCH-2#94 Warning
Same min and max delay values on IO port  
The same output delay of 1.000 ns has been defined on port 'result[29]' relative to clock clk for both max and min. Make sure this reflects the design intent.
set_output_delay -clock clk 1.000 [get_ports -filter {DIRECTION == OUT}]
/tmp/tmp.JvZNJZL55Q/device_input_registered.xdc (Line: 34)
Related violations: <none>

XDCH-2#95 Warning
Same min and max delay values on IO port  
The same output delay of 1.000 ns has been defined on port 'result[2]' relative to clock clk for both max and min. Make sure this reflects the design intent.
set_output_delay -clock clk 1.000 [get_ports -filter {DIRECTION == OUT}]
/tmp/tmp.JvZNJZL55Q/device_input_registered.xdc (Line: 34)
Related violations: <none>

XDCH-2#96 Warning
Same min and max delay values on IO port  
The same output delay of 1.000 ns has been defined on port 'result[30]' relative to clock clk for both max and min. Make sure this reflects the design intent.
set_output_delay -clock clk 1.000 [get_ports -filter {DIRECTION == OUT}]
/tmp/tmp.JvZNJZL55Q/device_input_registered.xdc (Line: 34)
Related violations: <none>

XDCH-2#97 Warning
Same min and max delay values on IO port  
The same output delay of 1.000 ns has been defined on port 'result[31]' relative to clock clk for both max and min. Make sure this reflects the design intent.
set_output_delay -clock clk 1.000 [get_ports -filter {DIRECTION == OUT}]
/tmp/tmp.JvZNJZL55Q/device_input_registered.xdc (Line: 34)
Related violations: <none>

XDCH-2#98 Warning
Same min and max delay values on IO port  
The same output delay of 1.000 ns has been defined on port 'result[3]' relative to clock clk for both max and min. Make sure this reflects the design intent.
set_output_delay -clock clk 1.000 [get_ports -filter {DIRECTION == OUT}]
/tmp/tmp.JvZNJZL55Q/device_input_registered.xdc (Line: 34)
Related violations: <none>

XDCH-2#99 Warning
Same min and max delay values on IO port  
The same output delay of 1.000 ns has been defined on port 'result[4]' relative to clock clk for both max and min. Make sure this reflects the design intent.
set_output_delay -clock clk 1.000 [get_ports -filter {DIRECTION == OUT}]
/tmp/tmp.JvZNJZL55Q/device_input_registered.xdc (Line: 34)
Related violations: <none>

XDCH-2#100 Warning
Same min and max delay values on IO port  
The same output delay of 1.000 ns has been defined on port 'result[5]' relative to clock clk for both max and min. Make sure this reflects the design intent.
set_output_delay -clock clk 1.000 [get_ports -filter {DIRECTION == OUT}]
/tmp/tmp.JvZNJZL55Q/device_input_registered.xdc (Line: 34)
Related violations: <none>

XDCH-2#101 Warning
Same min and max delay values on IO port  
The same output delay of 1.000 ns has been defined on port 'result[6]' relative to clock clk for both max and min. Make sure this reflects the design intent.
set_output_delay -clock clk 1.000 [get_ports -filter {DIRECTION == OUT}]
/tmp/tmp.JvZNJZL55Q/device_input_registered.xdc (Line: 34)
Related violations: <none>

XDCH-2#102 Warning
Same min and max delay values on IO port  
The same output delay of 1.000 ns has been defined on port 'result[7]' relative to clock clk for both max and min. Make sure this reflects the design intent.
set_output_delay -clock clk 1.000 [get_ports -filter {DIRECTION == OUT}]
/tmp/tmp.JvZNJZL55Q/device_input_registered.xdc (Line: 34)
Related violations: <none>

XDCH-2#103 Warning
Same min and max delay values on IO port  
The same output delay of 1.000 ns has been defined on port 'result[8]' relative to clock clk for both max and min. Make sure this reflects the design intent.
set_output_delay -clock clk 1.000 [get_ports -filter {DIRECTION == OUT}]
/tmp/tmp.JvZNJZL55Q/device_input_registered.xdc (Line: 34)
Related violations: <none>

XDCH-2#104 Warning
Same min and max delay values on IO port  
The same output delay of 1.000 ns has been defined on port 'result[9]' relative to clock clk for both max and min. Make sure this reflects the design intent.
set_output_delay -clock clk 1.000 [get_ports -filter {DIRECTION == OUT}]
/tmp/tmp.JvZNJZL55Q/device_input_registered.xdc (Line: 34)
Related violations: <none>

XDCH-2#105 Warning
Same min and max delay values on IO port  
The same output delay of 1.000 ns has been defined on port 'underflow' relative to clock clk for both max and min. Make sure this reflects the design intent.
set_output_delay -clock clk 1.000 [get_ports -filter {DIRECTION == OUT}]
/tmp/tmp.JvZNJZL55Q/device_input_registered.xdc (Line: 34)
Related violations: <none>

XDCH-2#106 Warning
Same min and max delay values on IO port  
The same output delay of 1.000 ns has been defined on port 'valid_out' relative to clock clk for both max and min. Make sure this reflects the design intent.
set_output_delay -clock clk 1.000 [get_ports -filter {DIRECTION == OUT}]
/tmp/tmp.JvZNJZL55Q/device_input_registered.xdc (Line: 34)
Related violations: <none>


